\BOOKMARK [1][-]{section.1}{Introduction}{}% 1
\BOOKMARK [1][-]{section.2}{Theory}{}% 2
\BOOKMARK [2][-]{subsection.2.1}{Gravitation}{section.2}% 3
\BOOKMARK [2][-]{subsection.2.2}{Units}{section.2}% 4
\BOOKMARK [2][-]{subsection.2.3}{prehelion}{section.2}% 5
\BOOKMARK [2][-]{subsection.2.4}{Numerical methods}{section.2}% 6
\BOOKMARK [3][-]{subsubsection.2.4.1}{Forward Euler}{subsection.2.4}% 7
\BOOKMARK [3][-]{subsubsection.2.4.2}{Velocity-Verlet}{subsection.2.4}% 8
\BOOKMARK [1][-]{section.3}{Method}{}% 9
\BOOKMARK [1][-]{section.4}{Result}{}% 10
\BOOKMARK [2][-]{subsection.4.1}{Earth-Sun system}{section.4}% 11
\BOOKMARK [3][-]{subsubsection.4.1.1}{Stability}{subsection.4.1}% 12
\BOOKMARK [3][-]{subsubsection.4.1.2}{Conserved quantities}{subsection.4.1}% 13
\BOOKMARK [3][-]{subsubsection.4.1.3}{Escape velocity}{subsection.4.1}% 14
\BOOKMARK [2][-]{subsection.4.2}{Three body system}{section.4}% 15
\BOOKMARK [3][-]{subsubsection.4.2.1}{Fixed mass for jupitur}{subsection.4.2}% 16
\BOOKMARK [3][-]{subsubsection.4.2.2}{Varying mass for jupitur}{subsection.4.2}% 17
\BOOKMARK [2][-]{subsection.4.3}{Solar system}{section.4}% 18
\BOOKMARK [3][-]{subsubsection.4.3.1}{Three planets and all moving}{subsection.4.3}% 19
\BOOKMARK [3][-]{subsubsection.4.3.2}{Solar system all moving}{subsection.4.3}% 20
\BOOKMARK [2][-]{subsection.4.4}{The perihelion precession of Mercury}{section.4}% 21
\BOOKMARK [3][-]{subsubsection.4.4.1}{missing this part}{subsection.4.4}% 22
\BOOKMARK [1][-]{section.5}{Discussion}{}% 23
\BOOKMARK [1][-]{section.6}{Conclusion}{}% 24
\BOOKMARK [1][-]{section.7}{Appendix}{}% 25
